C51 COMPILER V9.60.7.0   1_MAIN                                                            05/04/2023 23:15:51 PAGE 1   


C51 COMPILER V9.60.7.0, COMPILATION OF MODULE 1_MAIN
OBJECT MODULE PLACED IN .\Objects\1_Main.obj
COMPILER INVOKED BY: C:\Keil_v5\C51\BIN\C51.EXE 1_Main.c OPTIMIZE(8,SPEED) BROWSE DEBUG OBJECTEXTEND PRINT(.\Listings\1_
                    -Main.lst) TABS(2) OBJECT(.\Objects\1_Main.obj)

line level    source

   1          #include <reg52.h>
   2          
   3          //sbit LED0 = P1^0;
   4          //sbit LED1 = P1^1;
   5          //sbit LED2 = P1^2;
   6          //sbit LED3 = P1^3;
   7          //sbit LED4 = P1^4;
   8          //sbit LED5 = P1^5;
   9          //sbit LED6 = P1^6;
  10          //sbit LED7 = P1^7;
  11          
  12          
  13          void Delay(int ms){
  14   1        int i,j;
  15   1        for(i=0;i<ms;i++){
  16   2          for(j=0;j<1275;j++){
  17   3            
  18   3          }
  19   2        }
  20   1        
  21   1      }
  22          int main(){
  23   1        unsigned int i=0;
  24   1        while(1){
  25   2          for(i=0;i<8;i++){
  26   3            
  27   3            P1 &= ~(1<<i);
  28   3            Delay(100);
  29   3          }
  30   2        }
  31   1      }


MODULE INFORMATION:   STATIC OVERLAYABLE
   CODE SIZE        =     77    ----
   CONSTANT SIZE    =   ----    ----
   XDATA SIZE       =   ----    ----
   PDATA SIZE       =   ----    ----
   DATA SIZE        =   ----    ----
   IDATA SIZE       =   ----    ----
   BIT SIZE         =   ----    ----
END OF MODULE INFORMATION.


C51 COMPILATION COMPLETE.  0 WARNING(S),  0 ERROR(S)
